<?xml version="1.0" encoding="UTF-8"?>
<!-- Generated by org.testng.reporters.JUnitReportReporter -->
<testsuite skipped="0" hostname="Daniels-MacBook-Pro.local" name="appium.appiumpractice.nativeAndroid.Test1" tests="2" failures="0" timestamp="21 May 2019 15:33:13 GMT" time="52.883" errors="0">
  <testcase name="testUsingLongPressTouchActions" time="33.875" classname="appium.appiumpractice.nativeAndroid.Test1"/>
  <testcase name="testUsingTappingTouchActions" time="19.008" classname="appium.appiumpractice.nativeAndroid.Test1"/>
</testsuite> <!-- appium.appiumpractice.nativeAndroid.Test1 -->
