<?xml version="1.0" encoding="UTF-8"?>
<!-- Generated by org.testng.reporters.JUnitReportReporter -->
<testsuite skipped="0" hostname="Daniels-MacBook-Pro.local" name="appium.appiumpractice.nativeAndroid.Test1" tests="3" failures="0" timestamp="21 May 2019 16:03:09 GMT" time="35.682" errors="0">
  <testcase name="testSwiping" time="13.519" classname="appium.appiumpractice.nativeAndroid.Test1"/>
  <testcase name="testUsingTappingTouchActions" time="10.417" classname="appium.appiumpractice.nativeAndroid.Test1"/>
  <testcase name="testUsingLongPressTouchActions" time="11.746" classname="appium.appiumpractice.nativeAndroid.Test1"/>
</testsuite> <!-- appium.appiumpractice.nativeAndroid.Test1 -->
