<?xml version="1.0" encoding="UTF-8"?>
<!-- Generated by org.testng.reporters.JUnitReportReporter -->
<testsuite skipped="0" hostname="Daniels-MBP" name="appium.appiumpractice.nativeIOs.Test1" tests="1" failures="0" timestamp="17 Jun 2019 04:01:17 GMT" time="91.667" errors="0">
  <testcase name="TapOnTwoTabsThenSubmitTextAndNavigateBackToHomePage" time="91.667" classname="appium.appiumpractice.nativeIOs.Test1"/>
</testsuite> <!-- appium.appiumpractice.nativeIOs.Test1 -->
