<?xml version="1.0" encoding="UTF-8"?>
<!-- Generated by org.testng.reporters.JUnitReportReporter -->
<testsuite skipped="0" hostname="Daniels-MacBook-Pro.local" name="appium.appiumpractice.safariBrowserOnIOs.Test1" tests="1" failures="0" timestamp="02 May 2019 15:45:11 GMT" time="43.139" errors="0">
  <testcase name="test" time="43.139" classname="appium.appiumpractice.safariBrowserOnIOs.Test1"/>
</testsuite> <!-- appium.appiumpractice.safariBrowserOnIOs.Test1 -->
