<?xml version="1.0" encoding="UTF-8"?>
<!-- Generated by org.testng.reporters.JUnitReportReporter -->
<testsuite skipped="0" hostname="Daniels-MacBook-Pro.local" name="appium.appiumpractice.nativeIOs.Test1" tests="1" failures="0" timestamp="02 May 2019 15:43:10 GMT" time="52.921" errors="0">
  <testcase name="TapOnTwoTabsThenSubmitTextAndNavigateBackToHomePage" time="52.921" classname="appium.appiumpractice.nativeIOs.Test1"/>
</testsuite> <!-- appium.appiumpractice.nativeIOs.Test1 -->
