<?xml version="1.0" encoding="UTF-8"?>
<!-- Generated by org.testng.reporters.JUnitReportReporter -->
<testsuite skipped="0" hostname="Daniels-MacBook-Pro.local" name="appium.appiumpractice.nativeAndroid.Test1" tests="10" failures="0" timestamp="10 Jun 2019 19:09:46 GMT" time="172.827" errors="0">
  <testcase name="testUsingLongPressTouchActions" time="17.337" classname="appium.appiumpractice.nativeAndroid.Test1"/>
  <testcase name="testDragAndDrop" time="34.058" classname="appium.appiumpractice.nativeAndroid.Test1"/>
  <testcase name="testUsingXpathAndTextAttributes" time="10.193" classname="appium.appiumpractice.nativeAndroid.Test1"/>
  <testcase name="testScrollingDownUntilAnElementIsVisible" time="18.890" classname="appium.appiumpractice.nativeAndroid.Test1"/>
  <testcase name="testSwiping" time="29.707" classname="appium.appiumpractice.nativeAndroid.Test1"/>
  <testcase name="testUsingClassNameAndSendKeys" time="17.168" classname="appium.appiumpractice.nativeAndroid.Test1"/>
  <testcase name="testUsingId" time="12.832" classname="appium.appiumpractice.nativeAndroid.Test1"/>
  <testcase name="testUsingAndroidUIAutomator" time="7.285" classname="appium.appiumpractice.nativeAndroid.Test1"/>
  <testcase name="testUsingXpathWithIndexes" time="12.294" classname="appium.appiumpractice.nativeAndroid.Test1"/>
  <testcase name="testUsingTappingTouchActions" time="13.063" classname="appium.appiumpractice.nativeAndroid.Test1"/>
</testsuite> <!-- appium.appiumpractice.nativeAndroid.Test1 -->
