<?xml version="1.0" encoding="UTF-8"?>
<!-- Generated by org.testng.reporters.JUnitReportReporter -->
<testsuite skipped="0" hostname="Daniels-MacBook-Pro.local" name="appium.appiumpractice.nativeAndroid.Test1" tests="10" failures="0" timestamp="11 Jun 2019 19:59:00 GMT" time="140.673" errors="0">
  <testcase name="testDragAndDrop" time="29.401" classname="appium.appiumpractice.nativeAndroid.Test1"/>
  <testcase name="testScrollingDownUntilAnElementIsVisible" time="15.414" classname="appium.appiumpractice.nativeAndroid.Test1"/>
  <testcase name="testUsingClassNameAndSendKeys" time="17.713" classname="appium.appiumpractice.nativeAndroid.Test1"/>
  <testcase name="testUsingTappingTouchActions" time="12.193" classname="appium.appiumpractice.nativeAndroid.Test1"/>
  <testcase name="testUsingXpathAndTextAttributes" time="9.141" classname="appium.appiumpractice.nativeAndroid.Test1"/>
  <testcase name="testUsingAndroidUIAutomator" time="7.926" classname="appium.appiumpractice.nativeAndroid.Test1"/>
  <testcase name="testUsingLongPressTouchActions" time="12.916" classname="appium.appiumpractice.nativeAndroid.Test1"/>
  <testcase name="testUsingXpathWithIndexes" time="11.217" classname="appium.appiumpractice.nativeAndroid.Test1"/>
  <testcase name="testSwiping" time="13.475" classname="appium.appiumpractice.nativeAndroid.Test1"/>
  <testcase name="testUsingId" time="11.277" classname="appium.appiumpractice.nativeAndroid.Test1"/>
</testsuite> <!-- appium.appiumpractice.nativeAndroid.Test1 -->
