<?xml version="1.0" encoding="UTF-8"?>
<!-- Generated by org.testng.reporters.JUnitReportReporter -->
<testsuite skipped="0" hostname="Daniels-MacBook-Pro.local" name="appium.appiumpractice.nativeAndroid.TestBaseNativeAndroid" tests="1" failures="0" timestamp="14 May 2019 15:25:08 GMT" time="9.158" errors="0">
  <testcase name="launch" time="9.158" classname="appium.appiumpractice.nativeAndroid.TestBaseNativeAndroid"/>
</testsuite> <!-- appium.appiumpractice.nativeAndroid.TestBaseNativeAndroid -->
