<?xml version="1.0" encoding="UTF-8"?>
<!-- Generated by org.testng.reporters.JUnitReportReporter -->
<testsuite skipped="0" hostname="Daniels-MacBook-Pro.local" name="appium.appiumpractice.nativeAndroid.TestBaseNativeAndroid" tests="1" failures="0" timestamp="13 May 2019 19:47:32 GMT" time="46.416" errors="0">
  <testcase name="launch" time="46.416" classname="appium.appiumpractice.nativeAndroid.TestBaseNativeAndroid"/>
</testsuite> <!-- appium.appiumpractice.nativeAndroid.TestBaseNativeAndroid -->
