<?xml version="1.0" encoding="UTF-8"?>
<!-- Generated by org.testng.reporters.JUnitReportReporter -->
<testsuite skipped="0" hostname="Daniels-MacBook-Pro.local" name="appium.appiumpractice.Test1" tests="1" failures="0" timestamp="02 May 2019 15:23:01 GMT" time="73.276" errors="0">
  <testcase name="TapOnTwoTabsThenSubmitTextAndNavigateBackToHomePage" time="73.276" classname="appium.appiumpractice.Test1"/>
</testsuite> <!-- appium.appiumpractice.Test1 -->
