<?xml version="1.0" encoding="UTF-8"?>
<!-- Generated by org.testng.reporters.JUnitReportReporter -->
<testsuite skipped="0" hostname="Daniels-MacBook-Pro.local" name="appium.appiumpractice.Test1" tests="1" failures="0" timestamp="15 Apr 2019 21:07:20 GMT" time="48.720" errors="0">
  <testcase name="VerifyAppLaunches" time="48.720" classname="appium.appiumpractice.Test1"/>
</testsuite> <!-- appium.appiumpractice.Test1 -->
