<?xml version="1.0" encoding="UTF-8"?>
<!-- Generated by org.testng.reporters.JUnitReportReporter -->
<testsuite skipped="0" hostname="Daniels-MacBook-Pro.local" name="appium.appiumpractice.Test1" tests="1" failures="0" timestamp="17 Apr 2019 01:07:38 GMT" time="13.326" errors="0">
  <testcase name="SubmitText" time="13.326" classname="appium.appiumpractice.Test1"/>
</testsuite> <!-- appium.appiumpractice.Test1 -->
